<?xml version="1.0" encoding="UTF-8"?>
<testng-results ignored="0" total="1" passed="1" failed="0" skipped="0">
  <reporter-output>
  </reporter-output>
  <suite started-at="2025-07-31T10:21:41 IST" name="MySuite" finished-at="2025-07-31T10:22:23 IST" duration-ms="42068">
    <groups>
      <group name="cucumber">
        <method signature="AbstractTestNGCucumberTests.runScenario(io.cucumber.testng.PickleWrapper,io.cucumber.testng.FeatureWrapper)[pri:0, instance:runners.Runner_Class@5d1659ea]" name="runScenario" class="io.cucumber.testng.AbstractTestNGCucumberTests"/>
      </group> <!-- cucumber -->
    </groups>
    <test started-at="2025-07-31T10:21:41 IST" name="MyTests" finished-at="2025-07-31T10:22:23 IST" duration-ms="42068">
      <class name="runners.Runner_Class">
        <test-method is-config="true" signature="setUpClass(org.testng.ITestContext)[pri:0, instance:runners.Runner_Class@5d1659ea]" started-at="2025-07-31T10:21:41 IST" name="setUpClass" finished-at="2025-07-31T10:21:46 IST" duration-ms="4625" status="PASS">
          <params>
            <param index="0">
              <value>
                <![CDATA[org.testng.TestRunner@38ba8b45]]>
              </value>
            </param>
          </params>
          <reporter-output>
          </reporter-output>
        </test-method> <!-- setUpClass -->
        <test-method signature="runScenario(io.cucumber.testng.PickleWrapper,io.cucumber.testng.FeatureWrapper)[pri:0, instance:runners.Runner_Class@5d1659ea]" started-at="2025-07-31T10:21:46 IST" name="runScenario" description="Runs Cucumber Scenarios" data-provider="scenarios" finished-at="2025-07-31T10:22:09 IST" duration-ms="23203" status="PASS">
          <params>
            <param index="0">
              <value>
                <![CDATA["verify login with a valid credentials"]]>
              </value>
            </param>
            <param index="1">
              <value>
                <![CDATA["login page"]]>
              </value>
            </param>
          </params>
          <reporter-output>
          </reporter-output>
        </test-method> <!-- runScenario -->
        <test-method is-config="true" signature="tearDownClass()[pri:0, instance:runners.Runner_Class@5d1659ea]" started-at="2025-07-31T10:22:09 IST" name="tearDownClass" finished-at="2025-07-31T10:22:23 IST" duration-ms="14058" status="PASS">
          <reporter-output>
          </reporter-output>
        </test-method> <!-- tearDownClass -->
      </class> <!-- runners.Runner_Class -->
    </test> <!-- MyTests -->
  </suite> <!-- MySuite -->
</testng-results>
